4332: 12:13:51.518 - ---
4332: 12:13:51.518 - Service: "Photon Socket Server" starting
4332: 12:13:51.518 - Config File: F:\Server\Photon\Photon-OnPremise-Server-SDK_v4-0-29-11263\deploy\bin_Win64\PhotonServer.config
4332: 12:13:51.520 - Will produce at most: 10 crash dumps
4332: 12:13:51.520 - Service shutting down
4332: 12:13:51.521 - Service shut down complete
16972: 12:57:28.672 - ---
16972: 12:57:28.672 - Service: "Photon Socket Server" starting
16972: 12:57:28.672 - Config File: F:\Server\Photon\Photon-OnPremise-Server-SDK_v4-0-29-11263\deploy\bin_Win64\PhotonServer.config
16972: 12:57:28.674 - Will produce at most: 10 crash dumps
16972: 12:57:28.674 - Service shutting down
16972: 12:57:28.675 - Service shut down complete
3340: 13:04:24.856 - ---
3340: 13:04:24.856 - Service: "Photon Socket Server" starting
3340: 13:04:24.857 - Config File: F:\Server\Photon\Photon-OnPremise-Server-SDK_v4-0-29-11263\deploy\bin_Win64\PhotonServer.config
3340: 13:04:24.859 - Will produce at most: 10 crash dumps
3340: 13:04:24.859 - Service shutting down
3340: 13:04:24.860 - Service shut down complete
18212: 20:10:24.587 - ---
18212: 20:10:24.587 - Service: "Photon Socket Server" starting
18212: 20:10:24.587 - Config File: F:\Server\Photon\Photon-OnPremise-Server-SDK_v4-0-29-11263\deploy\bin_Win64\PhotonServer.config
18212: 20:10:24.590 - Will produce at most: 10 crash dumps
18212: 20:10:24.590 - Service shutting down
18212: 20:10:24.591 - Service shut down complete
22080: 20:12:11.066 - ---
22080: 20:12:11.066 - Service: "Photon Socket Server" starting
22080: 20:12:11.067 - Config File: F:\Server\Photon\Photon-OnPremise-Server-SDK_v4-0-29-11263\deploy\bin_Win64\PhotonServer.config
22080: 20:12:11.069 - Will produce at most: 10 crash dumps
22080: 20:12:11.069 - Service shutting down
22080: 20:12:11.070 - Service shut down complete
11108: 21:13:51.369 - ---
11108: 21:13:51.369 - Service: "Photon Socket Server" starting
11108: 21:13:51.369 - Config File: F:\Server\Photon\Photon-OnPremise-Server-SDK_v4-0-29-11263\deploy\bin_Win64\PhotonServer.config
11108: 21:13:51.375 - Will produce at most: 10 crash dumps
11108: 21:13:51.375 - Service shutting down
11108: 21:13:51.379 - Service shut down complete
