9200: 11:48:19.519 - ---
9200: 11:48:19.519 - Service: "Photon Socket Server" starting
9200: 11:48:19.519 - Config File: F:\Server\Photon\Photon-OnPremise-Server-SDK_v4-0-29-11263\deploy\bin_Win64\PhotonServer.config
9200: 11:48:19.522 - Will produce at most: 10 crash dumps
9200: 11:48:19.522 - Service shutting down
9200: 11:48:19.525 - Service shut down complete
23884: 14:15:40.126 - ---
23884: 14:15:40.126 - Service: "Photon Socket Server" starting
23884: 14:15:40.126 - Config File: F:\Server\Photon\Photon-OnPremise-Server-SDK_v4-0-29-11263\deploy\bin_Win64\PhotonServer.config
23884: 14:15:40.128 - Will produce at most: 10 crash dumps
23884: 14:15:40.128 - Service shutting down
23884: 14:15:40.129 - Service shut down complete
13116: 16:36:45.754 - ---
13116: 16:36:45.754 - Service: "Photon Socket Server" starting
13116: 16:36:45.754 - Config File: F:\Server\Photon\Photon-OnPremise-Server-SDK_v4-0-29-11263\deploy\bin_Win64\PhotonServer.config
13116: 16:36:45.755 - Will produce at most: 10 crash dumps
13116: 16:36:45.756 - Service shutting down
13116: 16:36:45.757 - Service shut down complete
21352: 16:38:17.448 - ---
21352: 16:38:17.448 - Service: "Photon Socket Server" starting
21352: 16:38:17.448 - Config File: F:\Server\Photon\Photon-OnPremise-Server-SDK_v4-0-29-11263\deploy\bin_Win64\PhotonServer.config
21352: 16:38:17.450 - Will produce at most: 10 crash dumps
21352: 16:38:17.450 - Service shutting down
21352: 16:38:17.451 - Service shut down complete
13736: 16:39:37.840 - ---
13736: 16:39:37.840 - Service: "Photon Socket Server" starting
13736: 16:39:37.841 - Config File: F:\Server\Photon\Photon-OnPremise-Server-SDK_v4-0-29-11263\deploy\bin_Win64\PhotonServer.config
13736: 16:39:37.843 - Will produce at most: 10 crash dumps
13736: 16:39:37.843 - Service shutting down
13736: 16:39:37.844 - Service shut down complete
10764: 16:45:26.651 - ---
10764: 16:45:26.652 - Service: "Photon Socket Server" starting
10764: 16:45:26.652 - Config File: F:\Server\Photon\Photon-OnPremise-Server-SDK_v4-0-29-11263\deploy\bin_Win64\PhotonServer.config
10764: 16:45:26.654 - Will produce at most: 10 crash dumps
10764: 16:45:26.654 - Service shutting down
10764: 16:45:26.655 - Service shut down complete
8552: 18:23:38.778 - ---
8552: 18:23:38.778 - Service: "Photon Socket Server" starting
8552: 18:23:38.778 - Config File: F:\Server\Photon\Photon-OnPremise-Server-SDK_v4-0-29-11263\deploy\bin_Win64\PhotonServer.config
8552: 18:23:38.780 - Will produce at most: 10 crash dumps
8552: 18:23:38.780 - Service shutting down
8552: 18:23:38.781 - Service shut down complete
18504: 19:02:07.944 - ---
18504: 19:02:07.944 - Service: "Photon Socket Server" starting
18504: 19:02:07.944 - Config File: F:\Server\Photon\Photon-OnPremise-Server-SDK_v4-0-29-11263\deploy\bin_Win64\PhotonServer.config
18504: 19:02:07.946 - Will produce at most: 10 crash dumps
18504: 19:02:07.946 - Service shutting down
18504: 19:02:07.947 - Service shut down complete
13920: 19:04:16.487 - ---
13920: 19:04:16.487 - Service: "Photon Socket Server" starting
13920: 19:04:16.488 - Config File: F:\Server\Photon\Photon-OnPremise-Server-SDK_v4-0-29-11263\deploy\bin_Win64\PhotonServer.config
13920: 19:04:16.489 - Will produce at most: 10 crash dumps
13920: 19:04:16.489 - Service shutting down
13920: 19:04:16.490 - Service shut down complete
19712: 19:11:36.752 - ---
19712: 19:11:36.752 - Service: "Photon Socket Server" starting
19712: 19:11:36.752 - Config File: F:\Server\Photon\Photon-OnPremise-Server-SDK_v4-0-29-11263\deploy\bin_Win64\PhotonServer.config
19712: 19:11:36.755 - Will produce at most: 10 crash dumps
19712: 19:11:36.755 - Service shutting down
19712: 19:11:36.756 - Service shut down complete
25528: 19:36:36.114 - ---
25528: 19:36:36.114 - Service: "Photon Socket Server" starting
25528: 19:36:36.114 - Config File: F:\Server\Photon\Photon-OnPremise-Server-SDK_v4-0-29-11263\deploy\bin_Win64\PhotonServer.config
25528: 19:36:36.116 - Will produce at most: 10 crash dumps
25528: 19:36:36.116 - Service shutting down
25528: 19:36:36.117 - Service shut down complete
18260: 20:07:51.429 - ---
18260: 20:07:51.429 - Service: "Photon Socket Server" starting
18260: 20:07:51.429 - Config File: F:\Server\Photon\Photon-OnPremise-Server-SDK_v4-0-29-11263\deploy\bin_Win64\PhotonServer.config
18260: 20:07:51.430 - Will produce at most: 10 crash dumps
18260: 20:07:51.430 - Service shutting down
18260: 20:07:51.431 - Service shut down complete
12120: 20:14:45.715 - ---
12120: 20:14:45.715 - Service: "Photon Socket Server" starting
12120: 20:14:45.715 - Config File: F:\Server\Photon\Photon-OnPremise-Server-SDK_v4-0-29-11263\deploy\bin_Win64\PhotonServer.config
12120: 20:14:45.716 - Will produce at most: 10 crash dumps
12120: 20:14:45.716 - Service shutting down
12120: 20:14:45.717 - Service shut down complete
21372: 20:20:21.400 - ---
21372: 20:20:21.400 - Service: "Photon Socket Server" starting
21372: 20:20:21.401 - Config File: F:\Server\Photon\Photon-OnPremise-Server-SDK_v4-0-29-11263\deploy\bin_Win64\PhotonServer.config
21372: 20:20:21.402 - Will produce at most: 10 crash dumps
21372: 20:20:21.403 - Service shutting down
21372: 20:20:21.404 - Service shut down complete
23600: 20:38:16.871 - ---
23600: 20:38:16.871 - Service: "Photon Socket Server" starting
23600: 20:38:16.871 - Config File: F:\Server\Photon\Photon-OnPremise-Server-SDK_v4-0-29-11263\deploy\bin_Win64\PhotonServer.config
23600: 20:38:16.874 - Will produce at most: 10 crash dumps
23600: 20:38:16.874 - Service shutting down
23600: 20:38:16.876 - Service shut down complete
24408: 21:02:18.365 - ---
24408: 21:02:18.365 - Service: "Photon Socket Server" starting
24408: 21:02:18.366 - Config File: F:\Server\Photon\Photon-OnPremise-Server-SDK_v4-0-29-11263\deploy\bin_Win64\PhotonServer.config
24408: 21:02:18.367 - Will produce at most: 10 crash dumps
24408: 21:02:18.367 - Service shutting down
24408: 21:02:18.369 - Service shut down complete
