18612: 19:18:08.142 - ---
18612: 19:18:08.142 - Service: "Photon Socket Server" starting
18612: 19:18:08.142 - Config File: F:\Server\Photon\Photon-OnPremise-Server-SDK_v4-0-29-11263\deploy\bin_Win64\PhotonServer.config
18612: 19:18:08.146 - Will produce at most: 10 crash dumps
18612: 19:18:08.146 - Action: run as exe
18612: 19:18:08.164 - Server Starting...
18612: 19:18:08.164 -    Tick count: 706481171 (wraps in: 41.5334 days)
18612: 19:18:08.164 - Tick count 64: 706481171
18612: 19:18:08.164 - Photon Version: 4.0.28.2962
18612: 19:18:08.164 - PID: 12648
18612: 19:18:08.165 - Config File: F:\Server\Photon\Photon-OnPremise-Server-SDK_v4-0-29-11263\deploy\bin_Win64\PhotonServer.config
18612: 19:18:08.165 - Will NOT log unimportant exceptions
18612: 19:18:08.171 - Not using performance counters as they are not currently installed. Run the service with /InstallCounters to install them.
18612: 19:18:08.171 - Shutdown timeout enabled: 30000ms
18612: 19:18:08.172 - Starting I/O thread pool with 2 threads
18612: 19:18:08.173 - Using Standard allocator
18612: 19:18:08.173 - Max message size: 512000
18612: 19:18:08.173 - Starting business logic thread pool with the following settings
18612: 19:18:08.173 - InitialThreads: 4 threads
18612: 19:18:08.173 - MinThreads: 4 threads
18612: 19:18:08.173 - Thread pool is fixed size
18612: 19:18:08.174 - Starting ENet thread pool with the following settings
18612: 19:18:08.174 - InitialThreads: 2 threads
18612: 19:18:08.174 - MinThreads: 2 threads
18612: 19:18:08.174 - Thread pool is fixed size
18612: 19:18:08.174 - OnlyDispatchTimers: False
18612: 19:18:08.174 - S2S: flow control: Max pending writes: 50
18612: 19:18:08.175 - S2S: flow control: Max queued buffers: 200
18612: 19:18:08.175 - S2S: flow control: Max pending writes MUX: 500
18612: 19:18:08.175 - S2S: flow control: Max queued buffers MUX: 2000
18612: 19:18:08.175 - S2S: MaxInboundMessageSize: 512000
18612: 19:18:08.175 - S2S: MaxOutboundMessageSize: 512000
18612: 19:18:08.175 - S2S: No inactivity timeout
18612: 19:18:08.177 - Cannot enable FILE_SKIP_COMPLETION_PORT_ON_SUCCESS as "ierd_tgp_lsp64 over [MSAFD Tcpip [TCP/IP]]" does not support XP1_IFS_HANDLES. ServiceFlags1 = 0x66
18612: 19:18:08.181 - Cannot enable FILE_SKIP_COMPLETION_PORT_ON_SUCCESS as "ierd_tgp_lsp64 over [MSAFD Tcpip [TCP/IP]]" does not support XP1_IFS_HANDLES. ServiceFlags1 = 0x66
18612: 19:18:08.182 - WebSocket S2S: MaxInboundMessageSize: 512000
18612: 19:18:08.182 - WebSocket S2S: MaxOutboundMessageSize: 512000
18612: 19:18:08.182 - WebSocket S2S: No inactivity timeout
18612: 19:18:08.182 - Cannot enable FILE_SKIP_COMPLETION_PORT_ON_SUCCESS as "ierd_tgp_lsp64 over [MSAFD Tcpip [TCP/IP]]" does not support XP1_IFS_HANDLES. ServiceFlags1 = 0x66
18612: 19:18:08.182 - Max Reliable Data In Transit (awaiting ACKs) per peer : 51200 bytes
18612: 19:18:08.182 - Per peer bandwidth limit
18612: 19:18:08.182 - Transmit Rate Limit: 256 KB/Sec
18612: 19:18:08.182 - Limit period: 200ms
18612: 19:18:08.182 - Limit per period: 52428 bytes
18612: 19:18:08.182 - Max queued data for transmission per peer: 512000 bytes
18612: 19:18:08.182 - Minimum retransmit timeout: 200
18612: 19:18:08.182 - No Maximum retransmit timeout
18612: 19:18:08.182 - Minimum ENet timeout: 5000ms
18612: 19:18:08.182 - Maximum ENet timeout: 30000ms
18612: 19:18:08.182 - Max Inbound Reliable Data Queued (awaiting resends of earlier sequence numbers) per peer : 163840 bytes
18612: 19:18:08.182 - No RTT ACK adjustment timeout
18612: 19:18:08.182 - Outbound ENet: MaxInboundMessageSize: 512000
18612: 19:18:08.182 - Outbound ENet: MaxOutboundMessageSize: 512000
18612: 19:18:08.184 - Cannot enable FILE_SKIP_COMPLETION_PORT_ON_SUCCESS as "ierd_tgp_lsp64 over [MSAFD Tcpip [TCP/IP]]" does not support XP1_IFS_HANDLES. ServiceFlags1 = 0x66
18612: 19:18:08.252 - GetRuntime - About to load CLR - versions available:
18612: 19:18:08.252 - v2.0.50727
18612: 19:18:08.252 - v4.0.30319
18612: 19:18:08.252 - Configuration requests: "v2.0.50727"
18612: 19:18:08.252 - About to load version: "v2.0.50727"
18612: 19:18:08.306 - About to load runtime: PhotonHostRuntime.PhotonDomainManager from PhotonHostRuntime, Culture=neutral, PublicKeyToken=02C301B61B060C4D
18612: 19:18:08.306 - CLRBaseDirectory set to "F:\Server\Photon\Photon-OnPremise-Server-SDK_v4-0-29-11263\deploy"
18612: 19:18:08.306 - Optimising event broadcast for 20 or more peers
18612: 19:18:08.340 - Start: About to load CLR - versions available:
18612: 19:18:08.340 - v2.0.50727
18612: 19:18:08.340 - v4.0.30319
18612: 19:18:08.340 - No preference in configuration file, will load latest.
18612: 19:18:08.340 - About to load version: "v4.0.30319"
18612: 19:18:08.342 - Loaded version: "v4.0.30319"
18612: 19:18:08.559 - Photon host runtime loaded
18612: 19:18:10.442 - License is valid.
18612: 19:18:10.442 - Licensed for 100 concurrent connections.
18612: 19:18:10.442 - ENet: Max Reliable Data In Transit (awaiting ACKs) per peer : 51200 bytes
18612: 19:18:10.442 - ENet: Per peer bandwidth limit
18612: 19:18:10.442 - ENet: Transmit Rate Limit: 256 KB/Sec
18612: 19:18:10.442 - ENet: Limit period: 200ms
18612: 19:18:10.442 - ENet: Limit per period: 52428 bytes
18612: 19:18:10.442 - ENet: Max queued data for transmission per peer: 512000 bytes
18612: 19:18:10.442 - ENet: Minimum retransmit timeout: 200
18612: 19:18:10.442 - No Maximum retransmit timeout
18612: 19:18:10.442 - ENet: Minimum timeout: 5000ms
18612: 19:18:10.442 - ENet: Maximum timeout: 30000ms
18612: 19:18:10.442 - ENet: Max Inbound Reliable Data Queued (awaiting resends of earlier sequence numbers) per peer : 163840 bytes
18612: 19:18:10.442 - No RTT ACK adjustment timeout
18612: 19:18:10.442 - About to load application: MyGame1 from MyGameServer
18612: 19:18:10.442 - Auto restart is enabled for application, existing connections will be terminated during restart
18612: 19:18:10.442 - Application will restart 1000ms after the last change detected
18612: 19:18:10.442 - Application will restart if files matching the following are changed: "dll;config"
18612: 19:18:10.442 - Application will NOT restart if files matching the following are changed: "log4net.config"
18612: 19:18:10.465 - CService::OnException() - Exception: CManagedHost::CreateApplicationInNewAppDomain() - Failed to create new application domain for : "MyGame1" - Can't find MyGameServer.dll in  or F:\Server\Photon\Photon-OnPremise-Server-SDK_v4-0-29-11263\deploy\MyGameServer\bin
18612: 19:18:10.465 - Server shutting down...
18612: 19:18:10.465 - Shutdown monitoring enabled, 30000ms before process abort
18612: 19:18:10.465 - Notifying CLR applications of shutdown...
18612: 19:18:10.465 - RequestStop: defalt app domain
18612: 19:18:10.466 - Shutting down WebSocket Outbound Connection Manager...
18612: 19:18:10.467 - Shutting down TCP Outbound Connection Manager...
18612: 19:18:10.468 - Shutting down ENet Outbound Connection Manager...
18612: 19:18:10.468 - Disconnecting all outbound peers...
18612: 19:18:10.468 - Shutting down ENet host...
18612: 19:18:10.468 - Disconnecting all peers...
18612: 19:18:10.468 - Shutting down socket servers...
18612: 19:18:10.468 - Shutting down ENet thread pool...
18612: 19:18:10.468 - Shutting down TCP inactivity timers...
18612: 19:18:10.468 - Shutting down CLR applications...
18612: 19:18:10.468 - Shutting down business logic thread pool...
18612: 19:18:10.468 - Shutting down I/O thread pool...
18612: 19:18:10.469 - Destroying servers
18612: 19:18:10.469 - Destroying WebSocket Outbound Connection Manager
18612: 19:18:10.469 - Destroying TCP Outbound Connection Manager
18612: 19:18:10.469 - Destroying TCP inactivity timer
18612: 19:18:10.469 - Destroying ENet timer wheel
18612: 19:18:10.469 - Destroying ENet host
18612: 19:18:10.469 - Destroying ENet outbound host
18612: 19:18:10.469 - Destroying HTTP inactivity timer
18612: 19:18:10.469 - Destroying HTTP host
18612: 19:18:10.469 - Destroying HTTP Chunk host
18612: 19:18:10.469 - Flushing ENET buffer allocator...
18612: 19:18:10.469 - Flushing TCP buffer handle allocator...
18612: 19:18:10.469 - Flushing stream socket allocator...
18612: 19:18:10.469 - Flushing inbound datagram socket allocator...
18612: 19:18:10.469 - Flushing outbound datagram socket allocator...
18612: 19:18:10.469 - Destroying CLR dispatcher
18612: 19:18:10.469 - Destroying CLR applications
18612: 19:18:10.470 - ~CCLRApplicationCollection() - Waiting up to 10 seconds for the CLR to release all of our objects
18612: 19:18:10.470 - ~CCLRApplicationCollection() - Done. All objects released
18612: 19:18:10.470 - ~CManagedHost() - Release default app domain
18612: 19:18:10.470 - CManagedHost::OnDomainUnload() - 1
18612: 19:18:10.470 - ~CManagedHost() - Waiting up to 10 seconds for CLR shutdown...
18612: 19:18:10.470 - ~CManagedHost
18612: 19:18:10.470 - Destroying ENet thread pool
18612: 19:18:10.470 - Destroying Business logic thread pool
18612: 19:18:10.470 - Destroying I/O thread pool
18612: 19:18:10.470 - Destroying ENet buffer allocator
18612: 19:18:10.470 - Destroying TCP buffer allocator
18612: 19:18:10.470 - Destroying TCP socket allocator
18612: 19:18:10.470 - Destroying ENet inbound socket allocator
18612: 19:18:10.470 - Destroying ENet outbound socket allocator
18612: 19:18:10.470 - Destroying shared datagram flow control data
18612: 19:18:10.472 - Shutdown complete...
18612: 19:18:10.472 - Service shutting down
18612: 19:18:10.473 - Service shut down complete
