13704: 18:49:51.216 - ---
13704: 18:49:51.216 - Service: "Photon Socket Server" starting
13704: 18:49:51.216 - Config File: D:\app\Photon-OnPremise-Server-SDK_v4-0-29-11263\deploy\bin_Win64\PhotonServer.config
13704: 18:49:51.217 - Will produce at most: 10 crash dumps
13704: 18:49:51.218 - Action: run as exe
13704: 18:49:51.218 - Server Starting...
13704: 18:49:51.218 -    Tick count: 272777421 (wraps in: 46.5531 days)
13704: 18:49:51.218 - Tick count 64: 272777421
13704: 18:49:51.218 - Photon Version: 4.0.28.2962
13704: 18:49:51.218 - PID: 6356
13704: 18:49:51.218 - Config File: D:\app\Photon-OnPremise-Server-SDK_v4-0-29-11263\deploy\bin_Win64\PhotonServer.config
13704: 18:49:51.218 - Will NOT log unimportant exceptions
13704: 18:49:51.221 - Not using performance counters as they are not currently installed. Run the service with /InstallCounters to install them.
13704: 18:49:51.221 - Shutdown timeout enabled: 30000ms
13704: 18:49:51.221 - Starting I/O thread pool with 2 threads
13704: 18:49:51.221 - Using Standard allocator
13704: 18:49:51.221 - Max message size: 512000
13704: 18:49:51.221 - Starting business logic thread pool with the following settings
13704: 18:49:51.221 - InitialThreads: 4 threads
13704: 18:49:51.221 - MinThreads: 4 threads
13704: 18:49:51.221 - Thread pool is fixed size
13704: 18:49:51.222 - Starting ENet thread pool with the following settings
13704: 18:49:51.222 - InitialThreads: 2 threads
13704: 18:49:51.222 - MinThreads: 2 threads
13704: 18:49:51.222 - Thread pool is fixed size
13704: 18:49:51.222 - OnlyDispatchTimers: False
13704: 18:49:51.222 - S2S: flow control: Max pending writes: 50
13704: 18:49:51.222 - S2S: flow control: Max queued buffers: 200
13704: 18:49:51.222 - S2S: flow control: Max pending writes MUX: 500
13704: 18:49:51.222 - S2S: flow control: Max queued buffers MUX: 2000
13704: 18:49:51.222 - S2S: MaxInboundMessageSize: 512000
13704: 18:49:51.222 - S2S: MaxOutboundMessageSize: 512000
13704: 18:49:51.222 - S2S: No inactivity timeout
13704: 18:49:51.224 - Cannot enable FILE_SKIP_COMPLETION_PORT_ON_SUCCESS as "ierd_tgp_lsp64 over [MSAFD Tcpip [TCP/IP]]" does not support XP1_IFS_HANDLES. ServiceFlags1 = 0x66
13704: 18:49:51.224 - Cannot enable FILE_SKIP_COMPLETION_PORT_ON_SUCCESS as "ierd_tgp_lsp64 over [MSAFD Tcpip [TCP/IP]]" does not support XP1_IFS_HANDLES. ServiceFlags1 = 0x66
13704: 18:49:51.224 - WebSocket S2S: MaxInboundMessageSize: 512000
13704: 18:49:51.224 - WebSocket S2S: MaxOutboundMessageSize: 512000
13704: 18:49:51.224 - WebSocket S2S: No inactivity timeout
13704: 18:49:51.224 - Cannot enable FILE_SKIP_COMPLETION_PORT_ON_SUCCESS as "ierd_tgp_lsp64 over [MSAFD Tcpip [TCP/IP]]" does not support XP1_IFS_HANDLES. ServiceFlags1 = 0x66
13704: 18:49:51.224 - Max Reliable Data In Transit (awaiting ACKs) per peer : 51200 bytes
13704: 18:49:51.224 - Per peer bandwidth limit
13704: 18:49:51.224 - Transmit Rate Limit: 256 KB/Sec
13704: 18:49:51.224 - Limit period: 200ms
13704: 18:49:51.224 - Limit per period: 52428 bytes
13704: 18:49:51.224 - Max queued data for transmission per peer: 512000 bytes
13704: 18:49:51.224 - Minimum retransmit timeout: 200
13704: 18:49:51.224 - No Maximum retransmit timeout
13704: 18:49:51.224 - Minimum ENet timeout: 5000ms
13704: 18:49:51.224 - Maximum ENet timeout: 30000ms
13704: 18:49:51.224 - Max Inbound Reliable Data Queued (awaiting resends of earlier sequence numbers) per peer : 163840 bytes
13704: 18:49:51.224 - No RTT ACK adjustment timeout
13704: 18:49:51.224 - Outbound ENet: MaxInboundMessageSize: 512000
13704: 18:49:51.224 - Outbound ENet: MaxOutboundMessageSize: 512000
13704: 18:49:51.224 - Cannot enable FILE_SKIP_COMPLETION_PORT_ON_SUCCESS as "ierd_tgp_lsp64 over [MSAFD Tcpip [TCP/IP]]" does not support XP1_IFS_HANDLES. ServiceFlags1 = 0x66
13704: 18:49:51.226 - GetRuntime - About to load CLR - versions available:
13704: 18:49:51.226 - v2.0.50727
13704: 18:49:51.226 - v4.0.30319
13704: 18:49:51.226 - Configuration requests: "v2.0.50727"
13704: 18:49:51.226 - About to load version: "v2.0.50727"
13704: 18:49:51.230 - About to load runtime: PhotonHostRuntime.PhotonDomainManager from PhotonHostRuntime, Culture=neutral, PublicKeyToken=02C301B61B060C4D
13704: 18:49:51.230 - CLRBaseDirectory set to "D:\app\Photon-OnPremise-Server-SDK_v4-0-29-11263\deploy"
13704: 18:49:51.230 - Optimising event broadcast for 20 or more peers
13704: 18:49:51.230 - Start: About to load CLR - versions available:
13704: 18:49:51.230 - v2.0.50727
13704: 18:49:51.230 - v4.0.30319
13704: 18:49:51.230 - No preference in configuration file, will load latest.
13704: 18:49:51.230 - About to load version: "v4.0.30319"
13704: 18:49:51.231 - Loaded version: "v4.0.30319"
13704: 18:49:51.381 - Photon host runtime loaded
13704: 18:49:52.994 - License is valid.
13704: 18:49:52.994 - Licensed for 100 concurrent connections.
13704: 18:49:52.994 - ENet: Max Reliable Data In Transit (awaiting ACKs) per peer : 51200 bytes
13704: 18:49:52.995 - ENet: Per peer bandwidth limit
13704: 18:49:52.995 - ENet: Transmit Rate Limit: 256 KB/Sec
13704: 18:49:52.995 - ENet: Limit period: 200ms
13704: 18:49:52.995 - ENet: Limit per period: 52428 bytes
13704: 18:49:52.995 - ENet: Max queued data for transmission per peer: 512000 bytes
13704: 18:49:52.995 - ENet: Minimum retransmit timeout: 200
13704: 18:49:52.995 - No Maximum retransmit timeout
13704: 18:49:52.995 - ENet: Minimum timeout: 5000ms
13704: 18:49:52.995 - ENet: Maximum timeout: 30000ms
13704: 18:49:52.995 - ENet: Max Inbound Reliable Data Queued (awaiting resends of earlier sequence numbers) per peer : 163840 bytes
13704: 18:49:52.995 - No RTT ACK adjustment timeout
13704: 18:49:52.995 - About to load application: Master from Photon.LoadBalancing
13704: 18:49:52.995 - Auto restart is enabled for application, existing connections will be terminated during restart
13704: 18:49:52.995 - Application will restart 1000ms after the last change detected
13704: 18:49:52.995 - Application will restart if files matching the following are changed: "dll;config"
13704: 18:49:52.995 - Application will NOT restart if files matching the following are changed: "log4net.config"
13704: 18:49:53.155 - Taking reference on default app domain
13704: 18:49:53.267 - Application: "Master" started in app domain: 2
13704: 18:49:53.267 - About to load application: Game from Photon.LoadBalancing
13704: 18:49:53.267 - Auto restart is enabled for application, existing connections will be terminated during restart
13704: 18:49:53.267 - Application will restart 1000ms after the last change detected
13704: 18:49:53.267 - Application will restart if files matching the following are changed: "dll;config"
13704: 18:49:53.267 - Application will NOT restart if files matching the following are changed: "log4net.config"
13704: 18:49:53.358 - Taking reference on default app domain
13704: 18:49:53.576 - Application: "Game" started in app domain: 3
13704: 18:49:53.576 - About to load application: CounterPublisher from CounterPublisher
13704: 18:49:53.576 - Auto restart is enabled for application, existing connections will be terminated during restart
13704: 18:49:53.576 - Application will restart 1000ms after the last change detected
13704: 18:49:53.576 - Application will restart if files matching the following are changed: "dll;config"
13704: 18:49:53.576 - Application will NOT restart if files matching the following are changed: "log4net.config"
13704: 18:49:53.668 - Taking reference on default app domain
13704: 18:49:53.753 - Application: "CounterPublisher" started in app domain: 4
13704: 18:49:53.784 - Adding TCP listener on: 0.0.0.0: 4530 with a listen backlog of: 150
13704: 18:49:53.784 - TCP inactivity timeout: 10000ms
13704: 18:49:53.784 - TCP disconnect timeout: 120000ms
13704: 18:49:53.784 - MaxInboundMessageSize: 512000
13704: 18:49:53.784 - MaxOutboundMessageSize: 512000
13704: 18:49:53.784 - Forcing all applications ids to: "Master"
13704: 18:49:53.785 - Serving policy file requests from: "D:\app\Photon-OnPremise-Server-SDK_v4-0-29-11263\deploy\Policy\assets\socket-policy.xml"
13704: 18:49:53.785 - Cannot enable FILE_SKIP_COMPLETION_PORT_ON_SUCCESS as "ierd_tgp_lsp64 over [MSAFD Tcpip [TCP/IP]]" does not support XP1_IFS_HANDLES. ServiceFlags1 = 0x66
13704: 18:49:53.785 - Adding TCP listener on: 0.0.0.0: 4531 with a listen backlog of: 150
13704: 18:49:53.785 - TCP inactivity timeout: 10000ms
13704: 18:49:53.785 - TCP disconnect timeout: 120000ms
13704: 18:49:53.785 - MaxInboundMessageSize: 512000
13704: 18:49:53.785 - MaxOutboundMessageSize: 512000
13704: 18:49:53.785 - Forcing all applications ids to: "Game"
13704: 18:49:53.785 - Serving policy file requests from: "D:\app\Photon-OnPremise-Server-SDK_v4-0-29-11263\deploy\Policy\assets\socket-policy.xml"
13704: 18:49:53.785 - Cannot enable FILE_SKIP_COMPLETION_PORT_ON_SUCCESS as "ierd_tgp_lsp64 over [MSAFD Tcpip [TCP/IP]]" does not support XP1_IFS_HANDLES. ServiceFlags1 = 0x66
13704: 18:49:53.785 - Adding TCP listener on: 0.0.0.0: 4520 with a listen backlog of: 150
13704: 18:49:53.785 - TCP inactivity timeout: 5000ms
13704: 18:49:53.785 - TCP disconnect timeout: 120000ms
13704: 18:49:53.785 - MaxInboundMessageSize: 512000
13704: 18:49:53.785 - MaxOutboundMessageSize: 512000
13704: 18:49:53.785 - Cannot enable FILE_SKIP_COMPLETION_PORT_ON_SUCCESS as "ierd_tgp_lsp64 over [MSAFD Tcpip [TCP/IP]]" does not support XP1_IFS_HANDLES. ServiceFlags1 = 0x66
13704: 18:49:53.786 - Forcing all applications ids to: "Master"
13704: 18:49:53.786 - MaxInboundMessageSize: 512000
13704: 18:49:53.786 - MaxOutboundMessageSize: 512000
13704: 18:49:53.786 - UDP address specified as: "0.0.0.0" adding listener to each available IPv4 address
13704: 18:49:53.786 - Adding UDP listener on: 192.168.179.1: 5055 with a listen backlog of: 500
13704: 18:49:53.786 - Cannot enable FILE_SKIP_COMPLETION_PORT_ON_SUCCESS as "ierd_tgp_lsp64 over [MSAFD Tcpip [TCP/IP]]" does not support XP1_IFS_HANDLES. ServiceFlags1 = 0x66
13704: 18:49:53.786 - Adding UDP listener on: 192.168.220.1: 5055 with a listen backlog of: 500
13704: 18:49:53.786 - Cannot enable FILE_SKIP_COMPLETION_PORT_ON_SUCCESS as "ierd_tgp_lsp64 over [MSAFD Tcpip [TCP/IP]]" does not support XP1_IFS_HANDLES. ServiceFlags1 = 0x66
13704: 18:49:53.786 - Adding UDP listener on: 192.168.1.104: 5055 with a listen backlog of: 500
13704: 18:49:53.786 - Cannot enable FILE_SKIP_COMPLETION_PORT_ON_SUCCESS as "ierd_tgp_lsp64 over [MSAFD Tcpip [TCP/IP]]" does not support XP1_IFS_HANDLES. ServiceFlags1 = 0x66
13704: 18:49:53.786 - Adding UDP listener on: 127.0.0.1: 5055 with a listen backlog of: 500
13704: 18:49:53.786 - Cannot enable FILE_SKIP_COMPLETION_PORT_ON_SUCCESS as "ierd_tgp_lsp64 over [MSAFD Tcpip [TCP/IP]]" does not support XP1_IFS_HANDLES. ServiceFlags1 = 0x66
13704: 18:49:53.786 - Forcing all applications ids to: "Game"
13704: 18:49:53.786 - MaxInboundMessageSize: 512000
13704: 18:49:53.786 - MaxOutboundMessageSize: 512000
13704: 18:49:53.786 - UDP address specified as: "0.0.0.0" adding listener to each available IPv4 address
13704: 18:49:53.787 - Adding UDP listener on: 192.168.179.1: 5056 with a listen backlog of: 500
13704: 18:49:53.787 - Cannot enable FILE_SKIP_COMPLETION_PORT_ON_SUCCESS as "ierd_tgp_lsp64 over [MSAFD Tcpip [TCP/IP]]" does not support XP1_IFS_HANDLES. ServiceFlags1 = 0x66
13704: 18:49:53.787 - Adding UDP listener on: 192.168.220.1: 5056 with a listen backlog of: 500
13704: 18:49:53.787 - Cannot enable FILE_SKIP_COMPLETION_PORT_ON_SUCCESS as "ierd_tgp_lsp64 over [MSAFD Tcpip [TCP/IP]]" does not support XP1_IFS_HANDLES. ServiceFlags1 = 0x66
13704: 18:49:53.787 - Adding UDP listener on: 192.168.1.104: 5056 with a listen backlog of: 500
13704: 18:49:53.787 - Cannot enable FILE_SKIP_COMPLETION_PORT_ON_SUCCESS as "ierd_tgp_lsp64 over [MSAFD Tcpip [TCP/IP]]" does not support XP1_IFS_HANDLES. ServiceFlags1 = 0x66
13704: 18:49:53.787 - Adding UDP listener on: 127.0.0.1: 5056 with a listen backlog of: 500
13704: 18:49:53.787 - Cannot enable FILE_SKIP_COMPLETION_PORT_ON_SUCCESS as "ierd_tgp_lsp64 over [MSAFD Tcpip [TCP/IP]]" does not support XP1_IFS_HANDLES. ServiceFlags1 = 0x66
13704: 18:49:53.787 - Adding WebSocket TCP listener on: 0.0.0.0: 9090 with a listen backlog of: 150
13704: 18:49:53.787 - Nagle disabled
13704: 18:49:53.787 - TCP inactivity timeout: 10000ms
13704: 18:49:53.787 - MaxInboundMessageSize: 512000
13704: 18:49:53.787 - MaxOutboundMessageSize: 512000
13704: 18:49:53.787 - Forcing all applications ids to: "Master"
13704: 18:49:53.787 - Will accept ANY sub-protocols from the client
13704: 18:49:53.787 - No automatic WebSocket ping
13704: 18:49:53.787 - Cannot enable FILE_SKIP_COMPLETION_PORT_ON_SUCCESS as "ierd_tgp_lsp64 over [MSAFD Tcpip [TCP/IP]]" does not support XP1_IFS_HANDLES. ServiceFlags1 = 0x66
13704: 18:49:53.787 - Adding WebSocket TCP listener on: 0.0.0.0: 9091 with a listen backlog of: 150
13704: 18:49:53.787 - Nagle disabled
13704: 18:49:53.787 - TCP inactivity timeout: 10000ms
13704: 18:49:53.787 - MaxInboundMessageSize: 512000
13704: 18:49:53.787 - MaxOutboundMessageSize: 512000
13704: 18:49:53.787 - Forcing all applications ids to: "Game"
13704: 18:49:53.787 - Will accept ANY sub-protocols from the client
13704: 18:49:53.787 - No automatic WebSocket ping
13704: 18:49:53.787 - Cannot enable FILE_SKIP_COMPLETION_PORT_ON_SUCCESS as "ierd_tgp_lsp64 over [MSAFD Tcpip [TCP/IP]]" does not support XP1_IFS_HANDLES. ServiceFlags1 = 0x66
13704: 18:49:53.788 - Adding Policy File listener on: 0.0.0.0: 843 with a listen backlog of: 150 and serving Policy File: "D:\app\Photon-OnPremise-Server-SDK_v4-0-29-11263\deploy\Policy\assets\socket-policy.xml"
13704: 18:49:53.788 - TCP inactivity timeout: 1000ms
13704: 18:49:53.788 - Cannot enable FILE_SKIP_COMPLETION_PORT_ON_SUCCESS as "ierd_tgp_lsp64 over [MSAFD Tcpip [TCP/IP]]" does not support XP1_IFS_HANDLES. ServiceFlags1 = 0x66
13704: 18:49:53.788 - Adding Policy File listener on: 0.0.0.0: 943 with a listen backlog of: 150 and serving Policy File: "D:\app\Photon-OnPremise-Server-SDK_v4-0-29-11263\deploy\Policy\assets\socket-policy-silverlight.xml"
13704: 18:49:53.788 - TCP inactivity timeout: 1000ms
13704: 18:49:53.788 - Cannot enable FILE_SKIP_COMPLETION_PORT_ON_SUCCESS as "ierd_tgp_lsp64 over [MSAFD Tcpip [TCP/IP]]" does not support XP1_IFS_HANDLES. ServiceFlags1 = 0x66
13704: 18:49:53.974 - Service is running...
