2018-09-02 18:49:57,739 [1] INFO  Photon.LoadBalancing.GameServer.GameApplication - Setup: serverId=55ce41ba-e490-4cfd-9a73-3bd7350c1192
2018-09-02 18:49:58,931 [1] INFO  Photon.SocketServer.Diagnostics.PerfCounterManagerBase - PerformanceCounter category 'Photon: Http Queue Counters' does not exists and will be created
2018-09-02 18:49:59,060 [1] INFO  Photon.SocketServer.Diagnostics.HttpQueuePerformanceCounters - HTTP Queue performance counters successfully initialized
2018-09-02 18:49:59,062 [1] INFO  Photon.SocketServer.Diagnostics.HttpQueuePerformanceCounters - Internal HTTP Queue performance counters successfully created
2018-09-02 18:49:59,066 [1] INFO  Photon.LoadBalancing.GameServer.GameApplication - TokenCreator intialized with an expiration of 02:46:40
2018-09-02 18:50:00,161 [1] WARN  Photon.Common.LoadBalancer.LoadShedding.WorkloadController - Did not find counter Business Logic Queue
2018-09-02 18:50:00,162 [1] WARN  Photon.Common.LoadBalancer.LoadShedding.WorkloadController - Did not find counter ENet Queue
2018-09-02 18:50:00,162 [1] WARN  Photon.Common.LoadBalancer.LoadShedding.WorkloadController - Did not find counter bytes in/sec
2018-09-02 18:50:00,163 [1] WARN  Photon.Common.LoadBalancer.LoadShedding.WorkloadController - Did not find counter bytes out/sec
2018-09-02 18:50:00,163 [1] WARN  Photon.Common.LoadBalancer.LoadShedding.WorkloadController - Did not find counter ENet Threads Processing
2018-09-02 18:50:00,163 [1] WARN  Photon.Common.LoadBalancer.LoadShedding.WorkloadController - Did not find counter ENet Threads Active
2018-09-02 18:50:00,164 [1] WARN  Photon.Common.LoadBalancer.LoadShedding.WorkloadController - Did not find counter Time Spent In Server: In (ms)
2018-09-02 18:50:00,164 [1] WARN  Photon.Common.LoadBalancer.LoadShedding.WorkloadController - Did not find counter Time Spent In Server: Out (ms)
2018-09-02 18:50:00,164 [1] WARN  Photon.Common.LoadBalancer.LoadShedding.WorkloadController - Did not find counter TCP: Disconnected Peers +/sec
2018-09-02 18:50:00,164 [1] WARN  Photon.Common.LoadBalancer.LoadShedding.WorkloadController - Did not find counter TCP: Disconnected Peers (C) +/sec
2018-09-02 18:50:00,164 [1] WARN  Photon.Common.LoadBalancer.LoadShedding.WorkloadController - Did not find counter TCP: Peers
2018-09-02 18:50:00,165 [1] WARN  Photon.Common.LoadBalancer.LoadShedding.WorkloadController - Did not find counter UDP: Disconnected Peers +/sec
2018-09-02 18:50:00,165 [1] WARN  Photon.Common.LoadBalancer.LoadShedding.WorkloadController - Did not find counter UDP: Disconnected Peers (C) +/sec
2018-09-02 18:50:00,165 [1] WARN  Photon.Common.LoadBalancer.LoadShedding.WorkloadController - Did not find counter UDP: Peers
2018-09-02 18:50:00,174 [1] WARN  Photon.Common.LoadBalancer.LoadShedding.FeedbackControlSystem - Could not initialize Feedback Control System from configuration: Invalid configuration file D:\app\Photon-OnPremise-Server-SDK_v4-0-29-11263\deploy\Workload.config. Using default settings... (未能找到文件“D:\app\Photon-OnPremise-Server-SDK_v4-0-29-11263\deploy\Workload.config”。)
2018-09-02 18:50:00,183 [1] INFO  Photon.Common.LoadBalancer.ServerStateManager - Watching for application state file in D:\app\Photon-OnPremise-Server-SDK_v4-0-29-11263\deploy\ServerState.txt
2018-09-02 18:50:00,185 [1] INFO  Photon.Common.LoadBalancer.ServerStateManager - Server state is set to online
2018-09-02 18:50:00,185 [1] INFO  Photon.LoadBalancing.GameServer.GameApplication - Initializing master server connection ...
2018-09-02 18:50:00,259 [1] INFO  Photon.LoadBalancing.GameServer.MasterServerConnectionBase - Connecting to master at 127.0.0.1:4520, serverId=55ce41ba-e490-4cfd-9a73-3bd7350c1192
2018-09-02 18:50:00,291 [1] INFO  Photon.SocketServer.ApplicationBase - Application start: AppId=Game; AppPath=D:\app\Photon-OnPremise-Server-SDK_v4-0-29-11263\deploy\LoadBalancing\GameServer, Type=Photon.LoadBalancing.GameServer.GameApplication 
2018-09-02 18:50:00,305 [1] INFO  Photon.SocketServer.Diagnostics.CounterPublisher - CounterPublisher started publishing ExitGames.Diagnostics.Monitoring.CounterSamplePublisher to ExitGames.Diagnostics.Monitoring.CounterSampleSender
2018-09-02 18:50:02,053 [10] INFO  Photon.LoadBalancing.GameServer.MasterServerConnectionBase - Master connection established: address:127.0.0.1
2018-09-02 18:50:02,053 [10] INFO  Photon.Common.LoadBalancer.ServerStateManager - Server state is set to online
2018-09-02 18:50:02,056 [10] INFO  Photon.LoadBalancing.GameServer.OutgoingMasterServerPeer - Registering game server with address 127.0.0.1, TCP 4531, UDP 5056, WebSocket 9091, Secure WebSocket 19091, HTTP 80, ServerID 55ce41ba-e490-4cfd-9a73-3bd7350c1192, Hostname localhost, IPv6Address 
2018-09-02 18:50:02,142 [14] INFO  Photon.LoadBalancing.GameServer.OutgoingMasterServerPeer - Successfully registered at master server: serverId=55ce41ba-e490-4cfd-9a73-3bd7350c1192
2018-09-02 19:06:18,407 [14] INFO  Photon.Common.LoadBalancer.LoadShedding.FeedbackController - Transit CpuUsage from Lowest to Low with input 35
2018-09-02 19:06:18,408 [14] INFO  Photon.Common.LoadBalancer.LoadShedding.WorkloadController - FeedbackLevel changed: old=Lowest, new=Low
2018-09-02 19:13:16,972 [11] INFO  Photon.Common.LoadBalancer.LoadShedding.FeedbackController - Transit CpuUsage from Low to Lowest with input 20
2018-09-02 19:13:17,007 [11] INFO  Photon.Common.LoadBalancer.LoadShedding.WorkloadController - FeedbackLevel changed: old=Low, new=Lowest
2018-09-02 19:17:28,350 [15] INFO  Photon.Common.LoadBalancer.LoadShedding.FeedbackController - Transit CpuUsage from Lowest to Low with input 35
2018-09-02 19:17:28,350 [15] INFO  Photon.Common.LoadBalancer.LoadShedding.WorkloadController - FeedbackLevel changed: old=Lowest, new=Low
2018-09-02 19:22:15,194 [14] INFO  Photon.Common.LoadBalancer.LoadShedding.FeedbackController - Transit CpuUsage from Low to Lowest with input 20
2018-09-02 19:22:15,195 [14] INFO  Photon.Common.LoadBalancer.LoadShedding.WorkloadController - FeedbackLevel changed: old=Low, new=Lowest
2018-09-02 19:31:00,833 [17] INFO  Photon.Common.LoadBalancer.LoadShedding.FeedbackController - Transit CpuUsage from Lowest to Low with input 35
2018-09-02 19:31:00,833 [17] INFO  Photon.Common.LoadBalancer.LoadShedding.WorkloadController - FeedbackLevel changed: old=Lowest, new=Low
2018-09-02 19:32:41,570 [6] INFO  Photon.Common.LoadBalancer.LoadShedding.FeedbackController - Transit CpuUsage from Low to Lowest with input 20
2018-09-02 19:32:41,570 [6] INFO  Photon.Common.LoadBalancer.LoadShedding.WorkloadController - FeedbackLevel changed: old=Low, new=Lowest
2018-09-02 20:25:44,083 [23] INFO  Photon.Common.LoadBalancer.LoadShedding.FeedbackController - Transit CpuUsage from Lowest to Low with input 35
2018-09-02 20:25:44,083 [23] INFO  Photon.Common.LoadBalancer.LoadShedding.WorkloadController - FeedbackLevel changed: old=Lowest, new=Low
